   1.89824617         9.67892456    
   1.89898479         9.75767612    
   1.90021574         9.83625507    
   1.90193915         9.91466236    
   1.90415502         9.99289799    
   1.90686321         10.0709610    
   1.91006374         10.1488514    
   1.91375685         10.2265701    
   1.91794217         10.3041162    
   1.92262006         10.3814907    
   1.92779016         10.4586926    
   1.93345284         10.5357218    
   1.93960786         10.6125793    
   1.94625521         10.6892643    
   1.95339501         10.7657776    
   1.96102715         10.8421183    
   1.96915185         10.9182873    
   1.97776878         10.9942837    
   1.98687816         11.0701084    
   1.99647999         11.1457605    
   2.00657415         11.2212400    
   2.01716089         11.2965479    
   2.02823973         11.3716831    
   2.03981113         11.4466467    
   2.05187511         11.5214376    
   2.06443119         11.5960569    
   2.07747984         11.6705036    
   2.09102082         11.7447777    
   2.10505414         11.8188801    
   2.11958003         11.8928099    
   2.13459826         11.9665680    
   2.15010881         12.0401535    
   2.16611195         12.1135674    
   2.18260717         12.1868086    
   2.19959497         12.2598772    
   2.21707535         12.3327742    
   2.23504782         12.4054995    
   2.25351286         12.4780512    
   2.27247024         12.5504322    
   2.29191995         12.6226397    
   2.31186223         12.6946754    
   2.33229685         12.7665396    
   2.35322380         12.8382311    
   2.37464333         12.9097500    
   2.39655495         12.9810972    
   2.41895914         13.0522728    
   2.44185591         13.1232748    
   2.46524477         13.1941051    
   2.48912621         13.2647638    
   2.51349998         13.3352499    
   2.53836632         13.4055634    
   2.56372476         13.4757051    
   2.58957577         13.5456743    
   2.61591935         13.6154728    
   2.64275503         13.6850977    
   2.67008328         13.7545500    
   2.69790387         13.8238306    
   2.72621679         13.8929396    
   2.75502229         13.9618759    
   2.78432012         14.0306396    
   2.81411028         14.0992317    
   2.84439278         14.1676512    
   2.87516785         14.2358990    
   2.90643525         14.3039742    
   2.93819499         14.3718767    
   2.97044730         14.4396086    
   3.00319195         14.5071669    
   3.03642893         14.5745535    
   3.07015824         14.6417675    
   3.10438013         14.7088099    
   3.13909411         14.7756796    
   3.17430091         14.8423777    
   3.21000004         14.9089031    
   3.24619126         14.9752560    
   3.28287506         15.0414371    
   3.32005119         15.1074457    
   3.35771990         15.1732826    
   3.39588070         15.2389469    
   3.43453431         15.3044395    
   3.47368002         15.3697596    
   3.51331830         15.4349079    
   3.55344892         15.4998827    
   3.59407187         15.5646868    
   3.63518715         15.6293182    
   3.67679524         15.6937771    
   3.71889544         15.7580643    
   3.76148796         15.8221788    
   3.80457282         15.8861208    
   3.84815025         15.9498911    
   3.89222002         16.0134888    
   3.93678236         16.0769157    
   3.98183703         16.1401691    
   4.02738380         16.2032509    
   4.07342339         16.2661591    
   4.11995506         16.3288975    
   4.16697931         16.3914623    
   4.21449614         16.4538555    
   4.26250505         16.5160751    
   4.31100655         16.5781231    
   4.36000013         16.6399994    
   4.27452230         16.3112202    
   4.19248819         15.9904833    
   4.11389828         15.6777887    
   4.03875208         15.3731356    
   3.96705008         15.0765247    
   3.89879203         14.7879553    
   3.83397818         14.5074282    
   3.77260804         14.2349434    
   3.71468210         13.9705000    
   3.66020012         13.7140999    
   3.60916209         13.4657402    
   3.56156802         13.2254238    
   3.51741815         12.9931488    
   3.47671199         12.7689152    
   3.43945003         12.5527248    
   3.40563202         12.3445759    
   3.37525797         12.1444683    
   3.34832811         11.9524031    
   3.32484198         11.7683802    
   3.30480003         11.5923996    
   3.28820205         11.4244604    
   3.27504802         11.2645636    
   3.26533794         11.1127081    
   3.25907207         10.9688959    
   3.25625014         10.8331242    
   3.25687194         10.7053957    
   3.26093817         10.5857086    
   3.26844811         10.4740639    
   3.27940202         10.3704605    
   3.29380012         10.2748995    
   3.31164193         10.1873808    
   3.33292794         10.1079035    
   3.35765815         10.0364685    
   3.38583207         9.97307587    
   3.41744995         9.91772461    
   3.45251203         9.87041569    
   3.49101806         9.83114910    
   3.53296804         9.79992390    
   3.57836199         9.77674103    
   3.62720013         9.76159954    
   3.67948198         9.75450039    
   3.73520780         9.75544357    
   3.79437804         9.76442909    
   3.85699201         9.78145599    
   3.92304993         9.80652428    
   3.99255204         9.83963585    
   4.06549788         9.88078880    
   4.14188766         9.92998409    
   4.22172213         9.98722076    
   4.30499983         10.0524998    
   4.39172173         10.1258211    
   4.48188782         10.2071838    
   4.57549763         10.2965889    
   4.67255211         10.3940363    
   4.77304983         10.4995251    
   4.87699175         10.6130562    
   4.98437786         10.7346287    
   5.09520769         10.8642435    
   5.20948172         11.0019007    
   5.32720041         11.1476002    
   5.44836187         11.3013411    
   5.57296801         11.4631243    
   5.70101786         11.6329489    
   5.83251190         11.8108158    
   5.96744967         11.9967241    
   6.10583210         12.1906767    
   6.24765825         12.3926687    
   6.39292812         12.6027040    
   6.54164171         12.8207808    
   6.69379950         13.0468998    
   6.84940147         13.2810602    
   7.00844812         13.5232649    
   7.17093801         13.7735090    
   7.33687210         14.0317965    
   7.50624990         14.2981243    
   7.67907143         14.5724955    
   7.85533762         14.8549080    
   8.03504753         15.1453629    
   8.21820259         15.4438610    
   8.40480042         15.7504005    
   8.59484196         16.0649815    
   8.78832722         16.3876038    
   8.98525715         16.7182674    
   9.18563080         17.0569744    
   9.38945007         17.4037247    
   9.59671211         17.7585163    
   9.80741787         18.1213493    
   10.0215673         18.4922237    
   10.2391615         18.8711395    
   10.4601994         19.2580986    
   10.6846819         19.6531010    
   10.9126081         20.0561447    
   11.1439781         20.4672298    
   11.3787918         20.8863564    
   11.6170492         21.3135242    
   11.8587513         21.7487354    
   12.1038980         22.1919899    
   12.3524885         22.6432838    
   12.6045218         23.1026211    
   12.8599997         23.5699997    
